# turn 1
o 32 65 e
# turn 2
o 32 66 e
# turn 3
o 32 67 e
# turn 4
o 32 68 e
# turn 5
o 32 69 e
# turn 6
o 32 70 e
# turn 7
o 32 71 w
# turn 8
o 32 70 w
# turn 9
o 32 69 w
# turn 10
o 32 68 w
# turn 11
o 32 67 s
# turn 12
o 33 67 w
# turn 13
# turn 14
# turn 15
# turn 16
# turn 17
# turn 18
# turn 19
# turn 20
# turn 21
# turn 22
# turn 23
# turn 24
# turn 25
# turn 26
# turn 27
# turn 28
# turn 29
# turn 30
# turn 31
# turn 32
# turn 33
# turn 34
# turn 35
# turn 36
# turn 37
# turn 38
# turn 39
# turn 40
# turn 41
# turn 42
# turn 43
# turn 44
# turn 45
# turn 46
# turn 47
# turn 48
# turn 49
# turn 50
# turn 51
# turn 52
# turn 53
# turn 54
# turn 55
# turn 56
# turn 57
# turn 58
# turn 59
# turn 60
# turn 61
# turn 62
# turn 63
# turn 64
# turn 65
# turn 66
# turn 67
# turn 68
# turn 69
# turn 70
# turn 71
# turn 72
# turn 73
# turn 74
# turn 75
# turn 76
# turn 77
# turn 78
# turn 79
# turn 80
# turn 81
# turn 82
# turn 83
# turn 84
# turn 85
# turn 86
# turn 87
# turn 88
# turn 89
# turn 90
# turn 91
# turn 92
# turn 93
# turn 94
# turn 95
# turn 96
# turn 97
# turn 98
# turn 99
# turn 100
# turn 101
# turn 102
# turn 103
# turn 104
# turn 105
# turn 106
# turn 107
# turn 108
# turn 109
# turn 110
# turn 111
# turn 112
# turn 113
# turn 114
# turn 115
# turn 116
# turn 117
# turn 118
# turn 119
# turn 120
# turn 121
# turn 122
# turn 123
# turn 124
# turn 125
# turn 126
# turn 127
# turn 128
# turn 129
# turn 130
# turn 131
# turn 132
o 32 65 e
o 33 66 e
# turn 133
o 32 65 n
o 33 67 n
o 32 66 n
# turn 134
o 32 67 e
o 31 66 e
# turn 135
o 31 67 w
o 32 68 e
o 31 65 w
# turn 136
o 32 69 s
o 31 66 w
# turn 137
# turn 138
# turn 139
# turn 140
# turn 141
# turn 142
# turn 143
# turn 144
# turn 145
# turn 146
# turn 147
# turn 148
# turn 149
# turn 150
# turn 151
# turn 152
# turn 153
# turn 154
# turn 155
# turn 156
# turn 157
# turn 158
# turn 159
# turn 160
# turn 161
# turn 162
# turn 163
# turn 164
# turn 165
# turn 166
# turn 167
# turn 168
# turn 169
# turn 170
# turn 171
# turn 172
# turn 173
# turn 174
# turn 175
# turn 176
# turn 177
# turn 178
o 31 64 n
o 31 65 n
# turn 179
# turn 180
# turn 181
# turn 182
# turn 183
# turn 184
# turn 185
# turn 186
# turn 187
# turn 188
# turn 189
# turn 190
# turn 191
# turn 192
# turn 193
# turn 194
# turn 195
# turn 196
# turn 197
# turn 198
# turn 199
# turn 200
# turn 201
# turn 202
# turn 203
# turn 204
# turn 205
# turn 206
# turn 207
# turn 208
# turn 209
# turn 210
o 33 69 w
# turn 211
o 33 68 w
# turn 212
# turn 213
# turn 214
# turn 215
# turn 216
# turn 217
# turn 218
# turn 219
# turn 220
# turn 221
o 33 67 w
o 30 64 s
# turn 222
o 30 65 w
# turn 223
# turn 224
# turn 225
# turn 226
# turn 227
# turn 228
# turn 229
# turn 230
# turn 231
# turn 232
# turn 233
# turn 234
# turn 235
# turn 236
# turn 237
# turn 238
# turn 239
# turn 240
# turn 241
# turn 242
# turn 243
# turn 244
# turn 245
# turn 246
# turn 247
# turn 248
# turn 249
# turn 250
# turn 251
# turn 252
# turn 253
# turn 254
# turn 255
# turn 256
# turn 257
# turn 258
# turn 259
# turn 260
# turn 261
# turn 262
# turn 263
# turn 264
# turn 265
# turn 266
# turn 267
# turn 268
# turn 269
# turn 270
# turn 271
# turn 272
# turn 273
# turn 274
# turn 275
# turn 276
# turn 277
# turn 278
# turn 279
# turn 280
# turn 281
# turn 282
# turn 283
# turn 284
# turn 285
# turn 286
# turn 287
# turn 288
# turn 289
# turn 290
# turn 291
# turn 292
# turn 293
# turn 294
# turn 295
# turn 296
# turn 297
# turn 298
# turn 299
# turn 300
# turn 301
# turn 302
# turn 303
# turn 304
# turn 305
# turn 306
# turn 307
# turn 308
# turn 309
# turn 310
# turn 311
# turn 312
# turn 313
# turn 314
# turn 315
# turn 316
# turn 317
# turn 318
# turn 319
# turn 320
# turn 321
# turn 322
# turn 323
# turn 324
# turn 325
# turn 326
# turn 327
# turn 328
# turn 329
# turn 330
# turn 331
# turn 332
# turn 333
# turn 334
# turn 335
# turn 336
# turn 337
# turn 338
# turn 339
# turn 340
# turn 341
# turn 342
# turn 343
# turn 344
# turn 345
# turn 346
# turn 347
# turn 348
# turn 349
# turn 350
# turn 351
# turn 352
# turn 353
# turn 354
# turn 355
# turn 356
# turn 357
# turn 358
# turn 359
# turn 360
# turn 361
# turn 362
# turn 363
# turn 364
# turn 365
# turn 366
# turn 367
# turn 368
# turn 369
# turn 370
# turn 371
# turn 372
# turn 373
# turn 374
# turn 375
# turn 376
# turn 377
# turn 378
# turn 379
# turn 380
# turn 381
# turn 382
# turn 383
# turn 384
# turn 385
# turn 386
# turn 387
# turn 388
# turn 389
# turn 390
# turn 391
# turn 392
# turn 393
# turn 394
# turn 395
# turn 396
# turn 397
# turn 398
# turn 399
# turn 400
# turn 401
# turn 402
# turn 403
# turn 404
# turn 405
# turn 406
# turn 407
# turn 408
# turn 409
# turn 410
# turn 411
# turn 412
# turn 413
# turn 414
# turn 415
# turn 416
# turn 417
# turn 418
# turn 419
# turn 420
# turn 421
# turn 422
# turn 423
# turn 424
# turn 425
# turn 426
# turn 427
# turn 428
# turn 429
# turn 430
# turn 431
# turn 432
# turn 433
# turn 434
# turn 435
# turn 436
# turn 437
# turn 438
# turn 439
# turn 440
# turn 441
# turn 442
# turn 443
# turn 444
# turn 445
# turn 446
# turn 447
# turn 448
# turn 449
# turn 450
# turn 451
# turn 452
# turn 453
# turn 454
# turn 455
# turn 456
# turn 457
# turn 458
# turn 459
# turn 460
# turn 461
# turn 462
# turn 463
# turn 464
# turn 465
# turn 466
# turn 467
# turn 468
# turn 469
# turn 470
# turn 471
# turn 472
# turn 473
# turn 474
o 32 65 n
o 33 66 n
o 30 64 e
# turn 475
o 30 65 e
o 31 64 n
o 32 66 e
o 31 65 e
# turn 476
o 30 66 n
o 31 66 w
o 32 67 s
# turn 477
o 29 66 w
o 31 65 w
# turn 478
# turn 479
# turn 480
# turn 481
# turn 482
# turn 483
# turn 484
# turn 485
# turn 486
# turn 487
# turn 488
# turn 489
# turn 490
# turn 491
# turn 492
# turn 493
# turn 494
# turn 495
# turn 496
# turn 497
# turn 498
# turn 499
# turn 500
