# turn 1
# turn 2
# turn 3
# turn 4
# turn 5
# turn 6
# turn 7
# turn 8
# turn 9
# turn 10
# turn 11
# turn 12
# turn 13
# turn 14
# turn 15
# turn 16
# turn 17
# turn 18
# turn 19
# turn 20
# turn 21
# turn 22
# turn 23
# turn 24
# turn 25
# turn 26
# turn 27
# turn 28
# turn 29
# turn 30
# turn 31
# turn 32
# turn 33
# turn 34
# turn 35
# turn 36
# turn 37
# turn 38
# turn 39
# turn 40
# turn 41
# turn 42
# turn 43
# turn 44
# turn 45
# turn 46
# turn 47
# turn 48
# turn 49
# turn 50
# turn 51
# turn 52
# turn 53
# turn 54
# turn 55
# turn 56
# turn 57
# turn 58
# turn 59
# turn 60
# turn 61
# turn 62
# turn 63
# turn 64
# turn 65
# turn 66
# turn 67
# turn 68
# turn 69
# turn 70
# turn 71
# turn 72
# turn 73
# turn 74
# turn 75
# turn 76
# turn 77
# turn 78
# turn 79
# turn 80
# turn 81
# turn 82
# turn 83
# turn 84
o 9 65 s
# turn 85
o 9 65 e
o 10 65 e
# turn 86
o 9 66 e
o 10 66 s
# turn 87
o 11 66 s
o 9 67 n
# turn 88
o 12 66 w
o 8 67 e
# turn 89
o 8 68 e
# turn 90
# turn 91
# turn 92
# turn 93
# turn 94
# turn 95
# turn 96
# turn 97
# turn 98
# turn 99
# turn 100
# turn 101
# turn 102
# turn 103
# turn 104
# turn 105
# turn 106
# turn 107
# turn 108
# turn 109
# turn 110
# turn 111
# turn 112
# turn 113
# turn 114
# turn 115
# turn 116
# turn 117
# turn 118
# turn 119
# turn 120
# turn 121
# turn 122
# turn 123
# turn 124
# turn 125
# turn 126
# turn 127
# turn 128
# turn 129
# turn 130
# turn 131
# turn 132
# turn 133
# turn 134
# turn 135
o 9 65 e
# turn 136
o 9 66 n
# turn 137
o 8 66 e
# turn 138
o 8 67 e
# turn 139
# turn 140
# turn 141
# turn 142
# turn 143
# turn 144
o 12 65 n
o 8 69 s
o 8 68 s
# turn 145
o 9 69 s
o 11 65 e
o 9 68 s
# turn 146
o 11 66 w
o 10 69 n
o 10 68 n
# turn 147
o 9 65 e
o 11 65 w
o 9 68 n
o 9 69 e
# turn 148
o 9 66 n
o 9 70 e
o 8 68 e
# turn 149
o 8 66 e
o 9 71 n
# turn 150
o 8 67 e
o 8 71 e
# turn 151
# turn 152
# turn 153
# turn 154
# turn 155
# turn 156
# turn 157
# turn 158
# turn 159
# turn 160
# turn 161
# turn 162
# turn 163
# turn 164
# turn 165
# turn 166
# turn 167
# turn 168
# turn 169
# turn 170
# turn 171
o 8 69 s
o 8 68 s
# turn 172
o 9 68 s
# turn 173
o 10 68 e
# turn 174
o 10 69 e
# turn 175
o 10 70 e
# turn 176
o 10 71 s
# turn 177
o 11 71 e
# turn 178
o 11 72 e
# turn 179
# turn 180
# turn 181
# turn 182
# turn 183
# turn 184
# turn 185
# turn 186
# turn 187
# turn 188
# turn 189
# turn 190
# turn 191
# turn 192
# turn 193
# turn 194
# turn 195
# turn 196
# turn 197
# turn 198
# turn 199
# turn 200
# turn 201
# turn 202
# turn 203
# turn 204
# turn 205
# turn 206
# turn 207
# turn 208
# turn 209
# turn 210
# turn 211
# turn 212
# turn 213
o 11 64 e
# turn 214
o 11 65 s
# turn 215
# turn 216
# turn 217
# turn 218
# turn 219
# turn 220
# turn 221
# turn 222
# turn 223
# turn 224
# turn 225
# turn 226
# turn 227
o 12 65 n
# turn 228
o 11 65 n
# turn 229
o 10 65 n
# turn 230
o 9 65 e
